2025-10-21 12:06:58,690 [   1358]   WARN - #c.i.i.s.p.i.BundledSharedIndexProvider - Bundled shared index is not found at: /opt/idea-IC-252.26830.84/jdk-shared-indexes
2025-10-21 12:07:00,475 [   3143]   WARN - #c.i.s.c.i.StationSocketConnectionLoop - Discovery connection failed with NoSuchFileException (/run/user/1000/jb.station.sock)
2025-10-21 12:07:00,753 [   3421]   WARN - #c.i.s.c.i.StationSocketConnectionLoop - RecentProjects connection failed with NoSuchFileException (/run/user/1000/jb.station.sock)
JCEF_V(07:01:620): Found cef_server binary '/opt/idea-IC-252.26830.84/jbr/lib/cef_server' via System.getProperty('java.home')=/opt/idea-IC-252.26830.84/jbr
JCEF_V(07:01:621): Java is started via native launcher. Found cef_server path /opt/idea-IC-252.26830.84/jbr/lib/cef_server (via system propety)
2025-10-21 12:07:03,103 [   5771]   WARN - #c.i.u.j.JBCefAppArmorUtils - Unprivileged user namespaces check failed: unshare: error de escritura /proc/self/uid_map: Operación no permitida

JCEF_I(07:03:106): Found free tcp-port 6188 for server.
JCEF_I(07:03:106): Found free tcp-port 6189 for java-handlers.
JCEF_V(07:03:123): Created CefServer instance. Transport port=6188 (backward port=6189). Params:
[--disable-features=SpareRendererForSitePerProcess, --force-device-scale-factor=1.0, --disable-gpu-process-crash-limit, --disable-component-update, --autoplay-policy=no-user-gesture-required]| log_file=/home/etec/.cache/JetBrains/IdeaIC2025.2/log/jcef_7437.log, log_severity=LOGSEVERITY_DISABLE
2025-10-21 12:55:26,435 [2909103]   WARN - #c.i.o.e.s.i.AbstractExternalSystemTask - EXECUTE_TASK:3: Task execution failed
com.intellij.openapi.externalSystem.model.ExternalSystemException: Compilation error. See log for more details
	at org.jetbrains.plugins.gradle.service.execution.GradleExecutionErrorHandler.createUserFriendlyError(GradleExecutionErrorHandler.java:177)
	at org.jetbrains.plugins.gradle.service.project.AbstractProjectImportErrorHandler.createUserFriendlyError(AbstractProjectImportErrorHandler.java:30)
	at org.jetbrains.plugins.gradle.service.project.BaseProjectImportErrorHandler.doGetUserFriendlyError(BaseProjectImportErrorHandler.java:178)
	at org.jetbrains.plugins.gradle.service.project.BaseProjectImportErrorHandler.getUserFriendlyError(BaseProjectImportErrorHandler.java:48)
	at org.jetbrains.plugins.gradle.service.project.BaseProjectImportErrorHandler.checkErrorsWithoutQuickFixes(BaseProjectImportErrorHandler.java:62)
	at org.jetbrains.plugins.gradle.service.project.GradleProjectResolver$1.getUserFriendlyError(GradleProjectResolver.java:948)
	at org.jetbrains.plugins.gradle.service.execution.GradleExecutionHelper.lambda$execute$4(GradleExecutionHelper.java:236)
	at org.jetbrains.plugins.gradle.service.execution.GradleExecutionHelper.lambda$execute$2(GradleExecutionHelper.java:203)
	at org.jetbrains.plugins.gradle.service.execution.SystemPropertiesAdjuster$Companion.executeAdjusted(SystemPropertiesAdjuster.kt:51)
	at org.jetbrains.plugins.gradle.service.execution.SystemPropertiesAdjuster.executeAdjusted(SystemPropertiesAdjuster.kt)
	at org.jetbrains.plugins.gradle.service.execution.GradleExecutionHelper.lambda$execute$3(GradleExecutionHelper.java:203)
	at org.jetbrains.plugins.gradle.connection.GradleConnectorServiceImpl.withGradleConnection(GradleConnectorServiceImpl.kt:193)
	at org.jetbrains.plugins.gradle.service.execution.GradleExecutionHelper.execute(GradleExecutionHelper.java:201)
	at org.jetbrains.plugins.gradle.service.execution.GradleExecutionHelper.execute(GradleExecutionHelper.java:222)
	at org.jetbrains.plugins.gradle.service.task.GradleTaskManager.executeTasks(GradleTaskManager.java:117)
	at org.jetbrains.plugins.gradle.service.task.GradleTaskManager.executeTasks(GradleTaskManager.java:62)
	at com.intellij.openapi.externalSystem.service.remote.RemoteExternalSystemTaskManagerImpl.lambda$executeTasks$0(RemoteExternalSystemTaskManagerImpl.java:28)
	at com.intellij.openapi.externalSystem.service.remote.AbstractRemoteExternalSystemService.execute(AbstractRemoteExternalSystemService.java:42)
	at com.intellij.openapi.externalSystem.service.remote.RemoteExternalSystemTaskManagerImpl.executeTasks(RemoteExternalSystemTaskManagerImpl.java:27)
	at com.intellij.openapi.externalSystem.service.internal.ExternalSystemExecuteTaskTask.executeTasks(ExternalSystemExecuteTaskTask.java:114)
	at com.intellij.openapi.externalSystem.service.internal.ExternalSystemExecuteTaskTask.doExecute(ExternalSystemExecuteTaskTask.java:98)
	at com.intellij.openapi.externalSystem.service.internal.AbstractExternalSystemTask.lambda$execute$0(AbstractExternalSystemTask.java:137)
	at com.intellij.openapi.externalSystem.service.internal.AbstractExternalSystemTask.withExecutionState(AbstractExternalSystemTask.java:265)
	at com.intellij.openapi.externalSystem.service.internal.AbstractExternalSystemTask.lambda$execute$1(AbstractExternalSystemTask.java:136)
	at com.intellij.openapi.externalSystem.service.internal.AbstractExternalSystemTask.withExecutionProgressManager(AbstractExternalSystemTask.java:222)
	at com.intellij.openapi.externalSystem.service.internal.AbstractExternalSystemTask.lambda$execute$2(AbstractExternalSystemTask.java:135)
	at com.intellij.openapi.externalSystem.service.internal.AbstractExternalSystemTask.withProcessingManager(AbstractExternalSystemTask.java:208)
	at com.intellij.openapi.externalSystem.service.internal.AbstractExternalSystemTask.execute(AbstractExternalSystemTask.java:134)
	at com.intellij.openapi.externalSystem.service.internal.AbstractExternalSystemTask.execute(AbstractExternalSystemTask.java:117)
	at com.intellij.openapi.externalSystem.service.execution.ExternalSystemRunnableState.executeTask(ExternalSystemRunnableState.java:394)
	at com.intellij.openapi.externalSystem.service.execution.ExternalSystemRunnableState.lambda$execute$1(ExternalSystemRunnableState.java:241)
	at com.intellij.openapi.progress.util.BackgroundTaskUtil.lambda$submitTask$8(BackgroundTaskUtil.java:266)
	at com.intellij.openapi.progress.util.BackgroundTaskUtil.lambda$createBackgroundTask$10(BackgroundTaskUtil.java:302)
	at com.intellij.openapi.progress.ProgressManager.lambda$runProcess$0(ProgressManager.java:98)
	at com.intellij.openapi.progress.impl.CoreProgressManager.lambda$runProcess$1(CoreProgressManager.java:229)
	at com.intellij.platform.diagnostic.telemetry.helpers.TraceKt.use(trace.kt:44)
	at com.intellij.openapi.progress.impl.CoreProgressManager.lambda$runProcess$2(CoreProgressManager.java:228)
	at com.intellij.openapi.progress.impl.CoreProgressManager.lambda$executeProcessUnderProgress$14(CoreProgressManager.java:681)
	at com.intellij.openapi.progress.impl.CoreProgressManager.registerIndicatorAndRun(CoreProgressManager.java:756)
	at com.intellij.openapi.progress.impl.CoreProgressManager.computeUnderProgress(CoreProgressManager.java:712)
	at com.intellij.openapi.progress.impl.CoreProgressManager.executeProcessUnderProgress(CoreProgressManager.java:680)
	at com.intellij.openapi.progress.impl.ProgressManagerImpl.executeProcessUnderProgress(ProgressManagerImpl.java:78)
	at com.intellij.openapi.progress.impl.CoreProgressManager.runProcess(CoreProgressManager.java:209)
	at com.intellij.openapi.progress.ProgressManager.runProcess(ProgressManager.java:98)
	at com.intellij.openapi.progress.util.BackgroundTaskUtil.lambda$createBackgroundTask$11(BackgroundTaskUtil.java:297)
	at java.base/java.util.concurrent.CompletableFuture$AsyncSupply.run(CompletableFuture.java:1768)
	at com.intellij.util.concurrency.ChildContext$runInChildContext$1.invoke(propagation.kt:167)
	at com.intellij.util.concurrency.ChildContext$runInChildContext$1.invoke(propagation.kt:167)
	at com.intellij.util.concurrency.ChildContext.runInChildContext(propagation.kt:173)
	at com.intellij.util.concurrency.ChildContext.runInChildContext(propagation.kt:167)
	at com.intellij.util.concurrency.ContextRunnable.run(ContextRunnable.java:27)
	at java.base/java.util.concurrent.ThreadPoolExecutor.runWorker(ThreadPoolExecutor.java:1144)
	at java.base/java.util.concurrent.ThreadPoolExecutor$Worker.run(ThreadPoolExecutor.java:642)
	at java.base/java.util.concurrent.Executors$PrivilegedThreadFactory$1$1.run(Executors.java:735)
	at java.base/java.util.concurrent.Executors$PrivilegedThreadFactory$1$1.run(Executors.java:732)
	at java.base/java.security.AccessController.doPrivileged(AccessController.java:400)
	at java.base/java.util.concurrent.Executors$PrivilegedThreadFactory$1.run(Executors.java:732)
	at java.base/java.lang.Thread.run(Thread.java:1583)
Caused by: org.jetbrains.kotlin.gradle.tasks.CompilationErrorException: Compilation error. See log for more details
	at org.jetbrains.kotlin.gradle.tasks.TasksUtilsKt.throwExceptionIfCompilationFailed(tasksUtils.kt:21)
	at org.jetbrains.kotlin.compilerRunner.GradleKotlinCompilerWork.run(GradleKotlinCompilerWork.kt:119)
	at org.jetbrains.kotlin.compilerRunner.GradleCompilerRunnerWithWorkers$GradleKotlinCompilerWorkAction.execute(GradleCompilerRunnerWithWorkers.kt:76)
	at org.gradle.workers.internal.DefaultWorkerServer.execute(DefaultWorkerServer.java:63)
	at org.gradle.workers.internal.NoIsolationWorkerFactory$1$1.create(NoIsolationWorkerFactory.java:66)
	at org.gradle.workers.internal.NoIsolationWorkerFactory$1$1.create(NoIsolationWorkerFactory.java:62)
	at org.gradle.internal.classloader.ClassLoaderUtils.executeInClassloader(ClassLoaderUtils.java:100)
	at org.gradle.workers.internal.NoIsolationWorkerFactory$1.lambda$execute$0(NoIsolationWorkerFactory.java:62)
	at org.gradle.workers.internal.AbstractWorker$1.call(AbstractWorker.java:44)
	at org.gradle.workers.internal.AbstractWorker$1.call(AbstractWorker.java:41)
	at org.gradle.internal.operations.DefaultBuildOperationRunner$CallableBuildOperationWorker.execute(DefaultBuildOperationRunner.java:210)
	at org.gradle.internal.operations.DefaultBuildOperationRunner$CallableBuildOperationWorker.execute(DefaultBuildOperationRunner.java:205)
	at org.gradle.internal.operations.DefaultBuildOperationRunner$2.execute(DefaultBuildOperationRunner.java:67)
	at org.gradle.internal.operations.DefaultBuildOperationRunner$2.execute(DefaultBuildOperationRunner.java:60)
	at org.gradle.internal.operations.DefaultBuildOperationRunner.execute(DefaultBuildOperationRunner.java:167)
	at org.gradle.internal.operations.DefaultBuildOperationRunner.execute(DefaultBuildOperationRunner.java:60)
	at org.gradle.internal.operations.DefaultBuildOperationRunner.call(DefaultBuildOperationRunner.java:54)
	at org.gradle.workers.internal.AbstractWorker.executeWrappedInBuildOperation(AbstractWorker.java:41)
	at org.gradle.workers.internal.NoIsolationWorkerFactory$1.execute(NoIsolationWorkerFactory.java:59)
	at org.gradle.workers.internal.DefaultWorkerExecutor.lambda$submitWork$0(DefaultWorkerExecutor.java:174)
	at org.gradle.internal.work.DefaultConditionalExecutionQueue$ExecutionRunner.runExecution(DefaultConditionalExecutionQueue.java:194)
	at org.gradle.internal.work.DefaultConditionalExecutionQueue$ExecutionRunner.access$700(DefaultConditionalExecutionQueue.java:127)
	at org.gradle.internal.work.DefaultConditionalExecutionQueue$ExecutionRunner$1.run(DefaultConditionalExecutionQueue.java:169)
	at org.gradle.internal.Factories$1.create(Factories.java:31)
	at org.gradle.internal.work.DefaultWorkerLeaseService.withLocks(DefaultWorkerLeaseService.java:263)
	at org.gradle.internal.work.DefaultWorkerLeaseService.runAsWorkerThread(DefaultWorkerLeaseService.java:127)
	at org.gradle.internal.work.DefaultWorkerLeaseService.runAsWorkerThread(DefaultWorkerLeaseService.java:132)
	at org.gradle.internal.work.DefaultConditionalExecutionQueue$ExecutionRunner.runBatch(DefaultConditionalExecutionQueue.java:164)
	at org.gradle.internal.work.DefaultConditionalExecutionQueue$ExecutionRunner.run(DefaultConditionalExecutionQueue.java:133)
	at org.gradle.internal.concurrent.ExecutorPolicy$CatchAndRecordFailures.onExecute(ExecutorPolicy.java:64)
	at org.gradle.internal.concurrent.AbstractManagedExecutor$1.run(AbstractManagedExecutor.java:48)

2025-10-21 13:02:10,263 [3312931]   WARN - #c.i.o.v.i.LineStatusTrackerManager - Tracker is being held on dispose by EditorImpl[LightVirtualFile: /terminal_output]; file: /terminal_output
2025-10-24 08:55:47,456 [   2095]   WARN - #c.i.i.s.p.i.BundledSharedIndexProvider - Bundled shared index is not found at: /opt/idea-IC-252.26830.84/jdk-shared-indexes
2025-10-24 08:55:49,096 [   3735]   WARN - #c.i.o.f.i.EditorCompositeModelManager - Cannot use saved provider list (savedProviders={split-provider[text-editor;markdown-preview-editor]=[Element: <state/>]}, resolvedProvider=[])
JCEF_V(55:49:144): Found cef_server binary '/opt/idea-IC-252.26830.84/jbr/lib/cef_server' via System.getProperty('java.home')=/opt/idea-IC-252.26830.84/jbr
JCEF_V(55:49:144): Java is started via native launcher. Found cef_server path /opt/idea-IC-252.26830.84/jbr/lib/cef_server (via system propety)
2025-10-24 08:55:51,855 [   6494]   WARN - #c.i.o.a.i.ActionUpdater - 3336 ms total to grab EDT 5 times to expand ToolWindowHeader$2#expandGroup@ToolwindowTitle (com.intellij.toolWindow.ToolWindowHeader$2). Use `ActionUpdateThread.BGT`.
2025-10-24 08:55:51,912 [   6551]   WARN - #c.i.s.c.i.StationSocketConnectionLoop - Discovery connection failed with NoSuchFileException (/run/user/1000/jb.station.sock)
2025-10-24 08:55:52,015 [   6654]   WARN - #c.i.u.j.JBCefAppArmorUtils - Unprivileged user namespaces check failed: unshare: error de escritura /proc/self/uid_map: Operación no permitida

JCEF_I(55:52:017): Found free tcp-port 6188 for server.
JCEF_I(55:52:017): Found free tcp-port 6189 for java-handlers.
JCEF_V(55:52:039): Created CefServer instance. Transport port=6188 (backward port=6189). Params:
[--disable-features=SpareRendererForSitePerProcess, --force-device-scale-factor=1.0, --disable-gpu-process-crash-limit, --disable-component-update, --autoplay-policy=no-user-gesture-required]| log_file=/home/etec/.cache/JetBrains/IdeaIC2025.2/log/jcef_3951.log, log_severity=LOGSEVERITY_DISABLE
2025-10-24 08:55:54,908 [   9547]   WARN - #c.i.s.c.i.StationSocketConnectionLoop - RecentProjects connection failed with NoSuchFileException (/run/user/1000/jb.station.sock)
2025-10-24 08:55:55,132 [   9771]   WARN - #c.i.o.a.i.ActionUpdater - 3160 ms total to grab EDT 2 times to expand DefaultActionGroup#expandGroup@ContextToolbar (DefaultActionGroup). Use `ActionUpdateThread.BGT`.
2025-10-24 08:56:33,312 [  47951]   WARN - #c.i.o.e.s.i.AbstractExternalSystemTask - EXECUTE_TASK:1: Task execution failed
com.intellij.openapi.externalSystem.model.ExternalSystemException: Compilation error. See log for more details
	at org.jetbrains.plugins.gradle.service.execution.GradleExecutionErrorHandler.createUserFriendlyError(GradleExecutionErrorHandler.java:177)
	at org.jetbrains.plugins.gradle.service.project.AbstractProjectImportErrorHandler.createUserFriendlyError(AbstractProjectImportErrorHandler.java:30)
	at org.jetbrains.plugins.gradle.service.project.BaseProjectImportErrorHandler.doGetUserFriendlyError(BaseProjectImportErrorHandler.java:178)
	at org.jetbrains.plugins.gradle.service.project.BaseProjectImportErrorHandler.getUserFriendlyError(BaseProjectImportErrorHandler.java:48)
	at org.jetbrains.plugins.gradle.service.project.BaseProjectImportErrorHandler.checkErrorsWithoutQuickFixes(BaseProjectImportErrorHandler.java:62)
	at org.jetbrains.plugins.gradle.service.project.GradleProjectResolver$1.getUserFriendlyError(GradleProjectResolver.java:948)
	at org.jetbrains.plugins.gradle.service.execution.GradleExecutionHelper.lambda$execute$4(GradleExecutionHelper.java:236)
	at org.jetbrains.plugins.gradle.service.execution.GradleExecutionHelper.lambda$execute$2(GradleExecutionHelper.java:203)
	at org.jetbrains.plugins.gradle.service.execution.SystemPropertiesAdjuster$Companion.executeAdjusted(SystemPropertiesAdjuster.kt:51)
	at org.jetbrains.plugins.gradle.service.execution.SystemPropertiesAdjuster.executeAdjusted(SystemPropertiesAdjuster.kt)
	at org.jetbrains.plugins.gradle.service.execution.GradleExecutionHelper.lambda$execute$3(GradleExecutionHelper.java:203)
	at org.jetbrains.plugins.gradle.connection.GradleConnectorServiceImpl.withGradleConnection(GradleConnectorServiceImpl.kt:193)
	at org.jetbrains.plugins.gradle.service.execution.GradleExecutionHelper.execute(GradleExecutionHelper.java:201)
	at org.jetbrains.plugins.gradle.service.execution.GradleExecutionHelper.execute(GradleExecutionHelper.java:222)
	at org.jetbrains.plugins.gradle.service.task.GradleTaskManager.executeTasks(GradleTaskManager.java:117)
	at org.jetbrains.plugins.gradle.service.task.GradleTaskManager.executeTasks(GradleTaskManager.java:62)
	at com.intellij.openapi.externalSystem.service.remote.RemoteExternalSystemTaskManagerImpl.lambda$executeTasks$0(RemoteExternalSystemTaskManagerImpl.java:28)
	at com.intellij.openapi.externalSystem.service.remote.AbstractRemoteExternalSystemService.execute(AbstractRemoteExternalSystemService.java:42)
	at com.intellij.openapi.externalSystem.service.remote.RemoteExternalSystemTaskManagerImpl.executeTasks(RemoteExternalSystemTaskManagerImpl.java:27)
	at com.intellij.openapi.externalSystem.service.internal.ExternalSystemExecuteTaskTask.executeTasks(ExternalSystemExecuteTaskTask.java:114)
	at com.intellij.openapi.externalSystem.service.internal.ExternalSystemExecuteTaskTask.doExecute(ExternalSystemExecuteTaskTask.java:98)
	at com.intellij.openapi.externalSystem.service.internal.AbstractExternalSystemTask.lambda$execute$0(AbstractExternalSystemTask.java:137)
	at com.intellij.openapi.externalSystem.service.internal.AbstractExternalSystemTask.withExecutionState(AbstractExternalSystemTask.java:265)
	at com.intellij.openapi.externalSystem.service.internal.AbstractExternalSystemTask.lambda$execute$1(AbstractExternalSystemTask.java:136)
	at com.intellij.openapi.externalSystem.service.internal.AbstractExternalSystemTask.withExecutionProgressManager(AbstractExternalSystemTask.java:222)
	at com.intellij.openapi.externalSystem.service.internal.AbstractExternalSystemTask.lambda$execute$2(AbstractExternalSystemTask.java:135)
	at com.intellij.openapi.externalSystem.service.internal.AbstractExternalSystemTask.withProcessingManager(AbstractExternalSystemTask.java:208)
	at com.intellij.openapi.externalSystem.service.internal.AbstractExternalSystemTask.execute(AbstractExternalSystemTask.java:134)
	at com.intellij.openapi.externalSystem.service.internal.AbstractExternalSystemTask.execute(AbstractExternalSystemTask.java:117)
	at com.intellij.openapi.externalSystem.service.execution.ExternalSystemRunnableState.executeTask(ExternalSystemRunnableState.java:394)
	at com.intellij.openapi.externalSystem.service.execution.ExternalSystemRunnableState.lambda$execute$1(ExternalSystemRunnableState.java:241)
	at com.intellij.openapi.progress.util.BackgroundTaskUtil.lambda$submitTask$8(BackgroundTaskUtil.java:266)
	at com.intellij.openapi.progress.util.BackgroundTaskUtil.lambda$createBackgroundTask$10(BackgroundTaskUtil.java:302)
	at com.intellij.openapi.progress.ProgressManager.lambda$runProcess$0(ProgressManager.java:98)
	at com.intellij.openapi.progress.impl.CoreProgressManager.lambda$runProcess$1(CoreProgressManager.java:229)
	at com.intellij.platform.diagnostic.telemetry.helpers.TraceKt.use(trace.kt:44)
	at com.intellij.openapi.progress.impl.CoreProgressManager.lambda$runProcess$2(CoreProgressManager.java:228)
	at com.intellij.openapi.progress.impl.CoreProgressManager.lambda$executeProcessUnderProgress$14(CoreProgressManager.java:681)
	at com.intellij.openapi.progress.impl.CoreProgressManager.registerIndicatorAndRun(CoreProgressManager.java:756)
	at com.intellij.openapi.progress.impl.CoreProgressManager.computeUnderProgress(CoreProgressManager.java:712)
	at com.intellij.openapi.progress.impl.CoreProgressManager.executeProcessUnderProgress(CoreProgressManager.java:680)
	at com.intellij.openapi.progress.impl.ProgressManagerImpl.executeProcessUnderProgress(ProgressManagerImpl.java:78)
	at com.intellij.openapi.progress.impl.CoreProgressManager.runProcess(CoreProgressManager.java:209)
	at com.intellij.openapi.progress.ProgressManager.runProcess(ProgressManager.java:98)
	at com.intellij.openapi.progress.util.BackgroundTaskUtil.lambda$createBackgroundTask$11(BackgroundTaskUtil.java:297)
	at java.base/java.util.concurrent.CompletableFuture$AsyncSupply.run(CompletableFuture.java:1768)
	at com.intellij.util.concurrency.ChildContext$runInChildContext$1.invoke(propagation.kt:167)
	at com.intellij.util.concurrency.ChildContext$runInChildContext$1.invoke(propagation.kt:167)
	at com.intellij.util.concurrency.ChildContext.runInChildContext(propagation.kt:173)
	at com.intellij.util.concurrency.ChildContext.runInChildContext(propagation.kt:167)
	at com.intellij.util.concurrency.ContextRunnable.run(ContextRunnable.java:27)
	at java.base/java.util.concurrent.ThreadPoolExecutor.runWorker(ThreadPoolExecutor.java:1144)
	at java.base/java.util.concurrent.ThreadPoolExecutor$Worker.run(ThreadPoolExecutor.java:642)
	at java.base/java.util.concurrent.Executors$PrivilegedThreadFactory$1$1.run(Executors.java:735)
	at java.base/java.util.concurrent.Executors$PrivilegedThreadFactory$1$1.run(Executors.java:732)
	at java.base/java.security.AccessController.doPrivileged(AccessController.java:400)
	at java.base/java.util.concurrent.Executors$PrivilegedThreadFactory$1.run(Executors.java:732)
	at java.base/java.lang.Thread.run(Thread.java:1583)
Caused by: org.jetbrains.kotlin.gradle.tasks.CompilationErrorException: Compilation error. See log for more details
	at org.jetbrains.kotlin.gradle.tasks.TasksUtilsKt.throwExceptionIfCompilationFailed(tasksUtils.kt:21)
	at org.jetbrains.kotlin.compilerRunner.GradleKotlinCompilerWork.run(GradleKotlinCompilerWork.kt:119)
	at org.jetbrains.kotlin.compilerRunner.GradleCompilerRunnerWithWorkers$GradleKotlinCompilerWorkAction.execute(GradleCompilerRunnerWithWorkers.kt:76)
	at org.gradle.workers.internal.DefaultWorkerServer.execute(DefaultWorkerServer.java:63)
	at org.gradle.workers.internal.NoIsolationWorkerFactory$1$1.create(NoIsolationWorkerFactory.java:66)
	at org.gradle.workers.internal.NoIsolationWorkerFactory$1$1.create(NoIsolationWorkerFactory.java:62)
	at org.gradle.internal.classloader.ClassLoaderUtils.executeInClassloader(ClassLoaderUtils.java:100)
	at org.gradle.workers.internal.NoIsolationWorkerFactory$1.lambda$execute$0(NoIsolationWorkerFactory.java:62)
	at org.gradle.workers.internal.AbstractWorker$1.call(AbstractWorker.java:44)
	at org.gradle.workers.internal.AbstractWorker$1.call(AbstractWorker.java:41)
	at org.gradle.internal.operations.DefaultBuildOperationRunner$CallableBuildOperationWorker.execute(DefaultBuildOperationRunner.java:210)
	at org.gradle.internal.operations.DefaultBuildOperationRunner$CallableBuildOperationWorker.execute(DefaultBuildOperationRunner.java:205)
	at org.gradle.internal.operations.DefaultBuildOperationRunner$2.execute(DefaultBuildOperationRunner.java:67)
	at org.gradle.internal.operations.DefaultBuildOperationRunner$2.execute(DefaultBuildOperationRunner.java:60)
	at org.gradle.internal.operations.DefaultBuildOperationRunner.execute(DefaultBuildOperationRunner.java:167)
	at org.gradle.internal.operations.DefaultBuildOperationRunner.execute(DefaultBuildOperationRunner.java:60)
	at org.gradle.internal.operations.DefaultBuildOperationRunner.call(DefaultBuildOperationRunner.java:54)
	at org.gradle.workers.internal.AbstractWorker.executeWrappedInBuildOperation(AbstractWorker.java:41)
	at org.gradle.workers.internal.NoIsolationWorkerFactory$1.execute(NoIsolationWorkerFactory.java:59)
	at org.gradle.workers.internal.DefaultWorkerExecutor.lambda$submitWork$0(DefaultWorkerExecutor.java:174)
	at org.gradle.internal.work.DefaultConditionalExecutionQueue$ExecutionRunner.runExecution(DefaultConditionalExecutionQueue.java:194)
	at org.gradle.internal.work.DefaultConditionalExecutionQueue$ExecutionRunner.access$700(DefaultConditionalExecutionQueue.java:127)
	at org.gradle.internal.work.DefaultConditionalExecutionQueue$ExecutionRunner$1.run(DefaultConditionalExecutionQueue.java:169)
	at org.gradle.internal.Factories$1.create(Factories.java:31)
	at org.gradle.internal.work.DefaultWorkerLeaseService.withLocks(DefaultWorkerLeaseService.java:263)
	at org.gradle.internal.work.DefaultWorkerLeaseService.runAsWorkerThread(DefaultWorkerLeaseService.java:127)
	at org.gradle.internal.work.DefaultWorkerLeaseService.runAsWorkerThread(DefaultWorkerLeaseService.java:132)
	at org.gradle.internal.work.DefaultConditionalExecutionQueue$ExecutionRunner.runBatch(DefaultConditionalExecutionQueue.java:164)
	at org.gradle.internal.work.DefaultConditionalExecutionQueue$ExecutionRunner.run(DefaultConditionalExecutionQueue.java:133)
	at org.gradle.internal.concurrent.ExecutorPolicy$CatchAndRecordFailures.onExecute(ExecutorPolicy.java:64)
	at org.gradle.internal.concurrent.AbstractManagedExecutor$1.run(AbstractManagedExecutor.java:48)

2025-10-24 09:30:33,449 [2088088]   WARN - #c.i.o.e.s.i.AbstractExternalSystemTask - Suppressed a frequent exception logged for the 2nd time: Compilation error. See log for more details
Starting cer server. Pre-initialize spent 7 ms.
2025-10-28 11:42:05,058 [   2087]   WARN - #c.i.i.s.p.i.BundledSharedIndexProvider - Bundled shared index is not found at: /opt/idea-IC-252.26830.84/jdk-shared-indexes
2025-10-28 11:42:06,658 [   3687]   WARN - #c.i.o.f.i.EditorCompositeModelManager - Cannot use saved provider list (savedProviders={split-provider[text-editor;markdown-preview-editor]=[Element: <state/>]}, resolvedProvider=[])
JCEF_V(42:06:697): Found cef_server binary '/opt/idea-IC-252.26830.84/jbr/lib/cef_server' via System.getProperty('java.home')=/opt/idea-IC-252.26830.84/jbr
JCEF_V(42:06:697): Java is started via native launcher. Found cef_server path /opt/idea-IC-252.26830.84/jbr/lib/cef_server (via system propety)
JCEF_I(42:09:061): Found free tcp-port 6188 for server.
JCEF_I(42:09:061): Found free tcp-port 6189 for java-handlers.
JCEF_V(42:09:081): Created CefServer instance. Transport port=6188 (backward port=6189). Params:
[--disable-features=SpareRendererForSitePerProcess, --force-device-scale-factor=1.0, --disable-gpu-process-crash-limit, --disable-component-update, --autoplay-policy=no-user-gesture-required]| log_file=/home/etec/.cache/JetBrains/IdeaIC2025.2/log/jcef_3657.log, log_severity=LOGSEVERITY_DISABLE
2025-10-28 11:42:09,098 [   6127]   WARN - #c.i.u.j.JBCefAppArmorUtils - Unprivileged user namespaces check failed: unshare: error de escritura /proc/self/uid_map: Operación no permitida

2025-10-28 11:42:09,434 [   6463]   WARN - #c.i.o.a.i.ActionUpdater - 3648 ms total to grab EDT 5 times to expand ToolWindowHeader$2#expandGroup@ToolwindowTitle (com.intellij.toolWindow.ToolWindowHeader$2). Use `ActionUpdateThread.BGT`.
2025-10-28 11:42:09,671 [   6700]   WARN - #c.i.s.c.i.StationSocketConnectionLoop - Discovery connection failed with NoSuchFileException (/run/user/1000/jb.station.sock)
2025-10-28 11:42:11,366 [   8395]   WARN - #c.i.s.c.i.StationSocketConnectionLoop - RecentProjects connection failed with NoSuchFileException (/run/user/1000/jb.station.sock)
2025-10-28 12:05:21,702 [1398731]   WARN - #c.i.o.e.s.i.AbstractExternalSystemTask - EXECUTE_TASK:1: Task execution failed
com.intellij.openapi.externalSystem.model.ExternalSystemException: Compilation error. See log for more details
	at org.jetbrains.plugins.gradle.service.execution.GradleExecutionErrorHandler.createUserFriendlyError(GradleExecutionErrorHandler.java:177)
	at org.jetbrains.plugins.gradle.service.project.AbstractProjectImportErrorHandler.createUserFriendlyError(AbstractProjectImportErrorHandler.java:30)
	at org.jetbrains.plugins.gradle.service.project.BaseProjectImportErrorHandler.doGetUserFriendlyError(BaseProjectImportErrorHandler.java:178)
	at org.jetbrains.plugins.gradle.service.project.BaseProjectImportErrorHandler.getUserFriendlyError(BaseProjectImportErrorHandler.java:48)
	at org.jetbrains.plugins.gradle.service.project.BaseProjectImportErrorHandler.checkErrorsWithoutQuickFixes(BaseProjectImportErrorHandler.java:62)
	at org.jetbrains.plugins.gradle.service.project.GradleProjectResolver$1.getUserFriendlyError(GradleProjectResolver.java:948)
	at org.jetbrains.plugins.gradle.service.execution.GradleExecutionHelper.lambda$execute$4(GradleExecutionHelper.java:236)
	at org.jetbrains.plugins.gradle.service.execution.GradleExecutionHelper.lambda$execute$2(GradleExecutionHelper.java:203)
	at org.jetbrains.plugins.gradle.service.execution.SystemPropertiesAdjuster$Companion.executeAdjusted(SystemPropertiesAdjuster.kt:51)
	at org.jetbrains.plugins.gradle.service.execution.SystemPropertiesAdjuster.executeAdjusted(SystemPropertiesAdjuster.kt)
	at org.jetbrains.plugins.gradle.service.execution.GradleExecutionHelper.lambda$execute$3(GradleExecutionHelper.java:203)
	at org.jetbrains.plugins.gradle.connection.GradleConnectorServiceImpl.withGradleConnection(GradleConnectorServiceImpl.kt:193)
	at org.jetbrains.plugins.gradle.service.execution.GradleExecutionHelper.execute(GradleExecutionHelper.java:201)
	at org.jetbrains.plugins.gradle.service.execution.GradleExecutionHelper.execute(GradleExecutionHelper.java:222)
	at org.jetbrains.plugins.gradle.service.task.GradleTaskManager.executeTasks(GradleTaskManager.java:117)
	at org.jetbrains.plugins.gradle.service.task.GradleTaskManager.executeTasks(GradleTaskManager.java:62)
	at com.intellij.openapi.externalSystem.service.remote.RemoteExternalSystemTaskManagerImpl.lambda$executeTasks$0(RemoteExternalSystemTaskManagerImpl.java:28)
	at com.intellij.openapi.externalSystem.service.remote.AbstractRemoteExternalSystemService.execute(AbstractRemoteExternalSystemService.java:42)
	at com.intellij.openapi.externalSystem.service.remote.RemoteExternalSystemTaskManagerImpl.executeTasks(RemoteExternalSystemTaskManagerImpl.java:27)
	at com.intellij.openapi.externalSystem.service.internal.ExternalSystemExecuteTaskTask.executeTasks(ExternalSystemExecuteTaskTask.java:114)
	at com.intellij.openapi.externalSystem.service.internal.ExternalSystemExecuteTaskTask.doExecute(ExternalSystemExecuteTaskTask.java:98)
	at com.intellij.openapi.externalSystem.service.internal.AbstractExternalSystemTask.lambda$execute$0(AbstractExternalSystemTask.java:137)
	at com.intellij.openapi.externalSystem.service.internal.AbstractExternalSystemTask.withExecutionState(AbstractExternalSystemTask.java:265)
	at com.intellij.openapi.externalSystem.service.internal.AbstractExternalSystemTask.lambda$execute$1(AbstractExternalSystemTask.java:136)
	at com.intellij.openapi.externalSystem.service.internal.AbstractExternalSystemTask.withExecutionProgressManager(AbstractExternalSystemTask.java:222)
	at com.intellij.openapi.externalSystem.service.internal.AbstractExternalSystemTask.lambda$execute$2(AbstractExternalSystemTask.java:135)
	at com.intellij.openapi.externalSystem.service.internal.AbstractExternalSystemTask.withProcessingManager(AbstractExternalSystemTask.java:208)
	at com.intellij.openapi.externalSystem.service.internal.AbstractExternalSystemTask.execute(AbstractExternalSystemTask.java:134)
	at com.intellij.openapi.externalSystem.service.internal.AbstractExternalSystemTask.execute(AbstractExternalSystemTask.java:117)
	at com.intellij.openapi.externalSystem.service.execution.ExternalSystemRunnableState.executeTask(ExternalSystemRunnableState.java:394)
	at com.intellij.openapi.externalSystem.service.execution.ExternalSystemRunnableState.lambda$execute$1(ExternalSystemRunnableState.java:241)
	at com.intellij.openapi.progress.util.BackgroundTaskUtil.lambda$submitTask$8(BackgroundTaskUtil.java:266)
	at com.intellij.openapi.progress.util.BackgroundTaskUtil.lambda$createBackgroundTask$10(BackgroundTaskUtil.java:302)
	at com.intellij.openapi.progress.ProgressManager.lambda$runProcess$0(ProgressManager.java:98)
	at com.intellij.openapi.progress.impl.CoreProgressManager.lambda$runProcess$1(CoreProgressManager.java:229)
	at com.intellij.platform.diagnostic.telemetry.helpers.TraceKt.use(trace.kt:44)
	at com.intellij.openapi.progress.impl.CoreProgressManager.lambda$runProcess$2(CoreProgressManager.java:228)
	at com.intellij.openapi.progress.impl.CoreProgressManager.lambda$executeProcessUnderProgress$14(CoreProgressManager.java:681)
	at com.intellij.openapi.progress.impl.CoreProgressManager.registerIndicatorAndRun(CoreProgressManager.java:756)
	at com.intellij.openapi.progress.impl.CoreProgressManager.computeUnderProgress(CoreProgressManager.java:712)
	at com.intellij.openapi.progress.impl.CoreProgressManager.executeProcessUnderProgress(CoreProgressManager.java:680)
	at com.intellij.openapi.progress.impl.ProgressManagerImpl.executeProcessUnderProgress(ProgressManagerImpl.java:78)
	at com.intellij.openapi.progress.impl.CoreProgressManager.runProcess(CoreProgressManager.java:209)
	at com.intellij.openapi.progress.ProgressManager.runProcess(ProgressManager.java:98)
	at com.intellij.openapi.progress.util.BackgroundTaskUtil.lambda$createBackgroundTask$11(BackgroundTaskUtil.java:297)
	at java.base/java.util.concurrent.CompletableFuture$AsyncSupply.run(CompletableFuture.java:1768)
	at com.intellij.util.concurrency.ChildContext$runInChildContext$1.invoke(propagation.kt:167)
	at com.intellij.util.concurrency.ChildContext$runInChildContext$1.invoke(propagation.kt:167)
	at com.intellij.util.concurrency.ChildContext.runInChildContext(propagation.kt:173)
	at com.intellij.util.concurrency.ChildContext.runInChildContext(propagation.kt:167)
	at com.intellij.util.concurrency.ContextRunnable.run(ContextRunnable.java:27)
	at java.base/java.util.concurrent.ThreadPoolExecutor.runWorker(ThreadPoolExecutor.java:1144)
	at java.base/java.util.concurrent.ThreadPoolExecutor$Worker.run(ThreadPoolExecutor.java:642)
	at java.base/java.util.concurrent.Executors$PrivilegedThreadFactory$1$1.run(Executors.java:735)
	at java.base/java.util.concurrent.Executors$PrivilegedThreadFactory$1$1.run(Executors.java:732)
	at java.base/java.security.AccessController.doPrivileged(AccessController.java:400)
	at java.base/java.util.concurrent.Executors$PrivilegedThreadFactory$1.run(Executors.java:732)
	at java.base/java.lang.Thread.run(Thread.java:1583)
Caused by: org.jetbrains.kotlin.gradle.tasks.CompilationErrorException: Compilation error. See log for more details
	at org.jetbrains.kotlin.gradle.tasks.TasksUtilsKt.throwExceptionIfCompilationFailed(tasksUtils.kt:21)
	at org.jetbrains.kotlin.compilerRunner.GradleKotlinCompilerWork.run(GradleKotlinCompilerWork.kt:119)
	at org.jetbrains.kotlin.compilerRunner.GradleCompilerRunnerWithWorkers$GradleKotlinCompilerWorkAction.execute(GradleCompilerRunnerWithWorkers.kt:76)
	at org.gradle.workers.internal.DefaultWorkerServer.execute(DefaultWorkerServer.java:63)
	at org.gradle.workers.internal.NoIsolationWorkerFactory$1$1.create(NoIsolationWorkerFactory.java:66)
	at org.gradle.workers.internal.NoIsolationWorkerFactory$1$1.create(NoIsolationWorkerFactory.java:62)
	at org.gradle.internal.classloader.ClassLoaderUtils.executeInClassloader(ClassLoaderUtils.java:100)
	at org.gradle.workers.internal.NoIsolationWorkerFactory$1.lambda$execute$0(NoIsolationWorkerFactory.java:62)
	at org.gradle.workers.internal.AbstractWorker$1.call(AbstractWorker.java:44)
	at org.gradle.workers.internal.AbstractWorker$1.call(AbstractWorker.java:41)
	at org.gradle.internal.operations.DefaultBuildOperationRunner$CallableBuildOperationWorker.execute(DefaultBuildOperationRunner.java:210)
	at org.gradle.internal.operations.DefaultBuildOperationRunner$CallableBuildOperationWorker.execute(DefaultBuildOperationRunner.java:205)
	at org.gradle.internal.operations.DefaultBuildOperationRunner$2.execute(DefaultBuildOperationRunner.java:67)
	at org.gradle.internal.operations.DefaultBuildOperationRunner$2.execute(DefaultBuildOperationRunner.java:60)
	at org.gradle.internal.operations.DefaultBuildOperationRunner.execute(DefaultBuildOperationRunner.java:167)
	at org.gradle.internal.operations.DefaultBuildOperationRunner.execute(DefaultBuildOperationRunner.java:60)
	at org.gradle.internal.operations.DefaultBuildOperationRunner.call(DefaultBuildOperationRunner.java:54)
	at org.gradle.workers.internal.AbstractWorker.executeWrappedInBuildOperation(AbstractWorker.java:41)
	at org.gradle.workers.internal.NoIsolationWorkerFactory$1.execute(NoIsolationWorkerFactory.java:59)
	at org.gradle.workers.internal.DefaultWorkerExecutor.lambda$submitWork$0(DefaultWorkerExecutor.java:174)
	at org.gradle.internal.work.DefaultConditionalExecutionQueue$ExecutionRunner.runExecution(DefaultConditionalExecutionQueue.java:194)
	at org.gradle.internal.work.DefaultConditionalExecutionQueue$ExecutionRunner.access$700(DefaultConditionalExecutionQueue.java:127)
	at org.gradle.internal.work.DefaultConditionalExecutionQueue$ExecutionRunner$1.run(DefaultConditionalExecutionQueue.java:169)
	at org.gradle.internal.Factories$1.create(Factories.java:31)
	at org.gradle.internal.work.DefaultWorkerLeaseService.withLocks(DefaultWorkerLeaseService.java:263)
	at org.gradle.internal.work.DefaultWorkerLeaseService.runAsWorkerThread(DefaultWorkerLeaseService.java:127)
	at org.gradle.internal.work.DefaultWorkerLeaseService.runAsWorkerThread(DefaultWorkerLeaseService.java:132)
	at org.gradle.internal.work.DefaultConditionalExecutionQueue$ExecutionRunner.runBatch(DefaultConditionalExecutionQueue.java:164)
	at org.gradle.internal.work.DefaultConditionalExecutionQueue$ExecutionRunner.run(DefaultConditionalExecutionQueue.java:133)
	at org.gradle.internal.concurrent.ExecutorPolicy$CatchAndRecordFailures.onExecute(ExecutorPolicy.java:64)
	at org.gradle.internal.concurrent.AbstractManagedExecutor$1.run(AbstractManagedExecutor.java:48)

2025-10-28 12:14:15,801 [1932830]   WARN - #c.i.o.e.s.i.AbstractExternalSystemTask - EXECUTE_TASK:2: Task execution failed
com.intellij.openapi.externalSystem.model.ExternalSystemException: Build cancelled while executing task ':app:org.example.AppKt.main()'
	at org.jetbrains.plugins.gradle.service.execution.GradleExecutionErrorHandler.createUserFriendlyError(GradleExecutionErrorHandler.java:177)
	at org.jetbrains.plugins.gradle.service.project.AbstractProjectImportErrorHandler.createUserFriendlyError(AbstractProjectImportErrorHandler.java:30)
	at org.jetbrains.plugins.gradle.service.project.BaseProjectImportErrorHandler.doGetUserFriendlyError(BaseProjectImportErrorHandler.java:178)
	at org.jetbrains.plugins.gradle.service.project.BaseProjectImportErrorHandler.getUserFriendlyError(BaseProjectImportErrorHandler.java:48)
	at org.jetbrains.plugins.gradle.service.project.BaseProjectImportErrorHandler.checkErrorsWithoutQuickFixes(BaseProjectImportErrorHandler.java:62)
	at org.jetbrains.plugins.gradle.service.project.GradleProjectResolver$1.getUserFriendlyError(GradleProjectResolver.java:948)
	at org.jetbrains.plugins.gradle.service.execution.GradleExecutionHelper.lambda$execute$4(GradleExecutionHelper.java:236)
	at org.jetbrains.plugins.gradle.service.execution.GradleExecutionHelper.lambda$execute$2(GradleExecutionHelper.java:203)
	at org.jetbrains.plugins.gradle.service.execution.SystemPropertiesAdjuster$Companion.executeAdjusted(SystemPropertiesAdjuster.kt:51)
	at org.jetbrains.plugins.gradle.service.execution.SystemPropertiesAdjuster.executeAdjusted(SystemPropertiesAdjuster.kt)
	at org.jetbrains.plugins.gradle.service.execution.GradleExecutionHelper.lambda$execute$3(GradleExecutionHelper.java:203)
	at org.jetbrains.plugins.gradle.connection.GradleConnectorServiceImpl.withGradleConnection(GradleConnectorServiceImpl.kt:193)
	at org.jetbrains.plugins.gradle.service.execution.GradleExecutionHelper.execute(GradleExecutionHelper.java:201)
	at org.jetbrains.plugins.gradle.service.execution.GradleExecutionHelper.execute(GradleExecutionHelper.java:222)
	at org.jetbrains.plugins.gradle.service.task.GradleTaskManager.executeTasks(GradleTaskManager.java:117)
	at org.jetbrains.plugins.gradle.service.task.GradleTaskManager.executeTasks(GradleTaskManager.java:62)
	at com.intellij.openapi.externalSystem.service.remote.RemoteExternalSystemTaskManagerImpl.lambda$executeTasks$0(RemoteExternalSystemTaskManagerImpl.java:28)
	at com.intellij.openapi.externalSystem.service.remote.AbstractRemoteExternalSystemService.execute(AbstractRemoteExternalSystemService.java:42)
	at com.intellij.openapi.externalSystem.service.remote.RemoteExternalSystemTaskManagerImpl.executeTasks(RemoteExternalSystemTaskManagerImpl.java:27)
	at com.intellij.openapi.externalSystem.service.internal.ExternalSystemExecuteTaskTask.executeTasks(ExternalSystemExecuteTaskTask.java:114)
	at com.intellij.openapi.externalSystem.service.internal.ExternalSystemExecuteTaskTask.doExecute(ExternalSystemExecuteTaskTask.java:98)
	at com.intellij.openapi.externalSystem.service.internal.AbstractExternalSystemTask.lambda$execute$0(AbstractExternalSystemTask.java:137)
	at com.intellij.openapi.externalSystem.service.internal.AbstractExternalSystemTask.withExecutionState(AbstractExternalSystemTask.java:265)
	at com.intellij.openapi.externalSystem.service.internal.AbstractExternalSystemTask.lambda$execute$1(AbstractExternalSystemTask.java:136)
	at com.intellij.openapi.externalSystem.service.internal.AbstractExternalSystemTask.withExecutionProgressManager(AbstractExternalSystemTask.java:222)
	at com.intellij.openapi.externalSystem.service.internal.AbstractExternalSystemTask.lambda$execute$2(AbstractExternalSystemTask.java:135)
	at com.intellij.openapi.externalSystem.service.internal.AbstractExternalSystemTask.withProcessingManager(AbstractExternalSystemTask.java:208)
	at com.intellij.openapi.externalSystem.service.internal.AbstractExternalSystemTask.execute(AbstractExternalSystemTask.java:134)
	at com.intellij.openapi.externalSystem.service.internal.AbstractExternalSystemTask.execute(AbstractExternalSystemTask.java:117)
	at com.intellij.openapi.externalSystem.service.execution.ExternalSystemRunnableState.executeTask(ExternalSystemRunnableState.java:394)
	at com.intellij.openapi.externalSystem.service.execution.ExternalSystemRunnableState.lambda$execute$1(ExternalSystemRunnableState.java:241)
	at com.intellij.openapi.progress.util.BackgroundTaskUtil.lambda$submitTask$8(BackgroundTaskUtil.java:266)
	at com.intellij.openapi.progress.util.BackgroundTaskUtil.lambda$createBackgroundTask$10(BackgroundTaskUtil.java:302)
	at com.intellij.openapi.progress.ProgressManager.lambda$runProcess$0(ProgressManager.java:98)
	at com.intellij.openapi.progress.impl.CoreProgressManager.lambda$runProcess$1(CoreProgressManager.java:229)
	at com.intellij.platform.diagnostic.telemetry.helpers.TraceKt.use(trace.kt:44)
	at com.intellij.openapi.progress.impl.CoreProgressManager.lambda$runProcess$2(CoreProgressManager.java:228)
	at com.intellij.openapi.progress.impl.CoreProgressManager.lambda$executeProcessUnderProgress$14(CoreProgressManager.java:681)
	at com.intellij.openapi.progress.impl.CoreProgressManager.registerIndicatorAndRun(CoreProgressManager.java:756)
	at com.intellij.openapi.progress.impl.CoreProgressManager.computeUnderProgress(CoreProgressManager.java:712)
	at com.intellij.openapi.progress.impl.CoreProgressManager.executeProcessUnderProgress(CoreProgressManager.java:680)
	at com.intellij.openapi.progress.impl.ProgressManagerImpl.executeProcessUnderProgress(ProgressManagerImpl.java:78)
	at com.intellij.openapi.progress.impl.CoreProgressManager.runProcess(CoreProgressManager.java:209)
	at com.intellij.openapi.progress.ProgressManager.runProcess(ProgressManager.java:98)
	at com.intellij.openapi.progress.util.BackgroundTaskUtil.lambda$createBackgroundTask$11(BackgroundTaskUtil.java:297)
	at java.base/java.util.concurrent.CompletableFuture$AsyncSupply.run(CompletableFuture.java:1768)
	at com.intellij.util.concurrency.ChildContext$runInChildContext$1.invoke(propagation.kt:167)
	at com.intellij.util.concurrency.ChildContext$runInChildContext$1.invoke(propagation.kt:167)
	at com.intellij.util.concurrency.ChildContext.runInChildContext(propagation.kt:173)
	at com.intellij.util.concurrency.ChildContext.runInChildContext(propagation.kt:167)
	at com.intellij.util.concurrency.ContextRunnable.run(ContextRunnable.java:27)
	at java.base/java.util.concurrent.ThreadPoolExecutor.runWorker(ThreadPoolExecutor.java:1144)
	at java.base/java.util.concurrent.ThreadPoolExecutor$Worker.run(ThreadPoolExecutor.java:642)
	at java.base/java.util.concurrent.Executors$PrivilegedThreadFactory$1$1.run(Executors.java:735)
	at java.base/java.util.concurrent.Executors$PrivilegedThreadFactory$1$1.run(Executors.java:732)
	at java.base/java.security.AccessController.doPrivileged(AccessController.java:400)
	at java.base/java.util.concurrent.Executors$PrivilegedThreadFactory$1.run(Executors.java:732)
	at java.base/java.lang.Thread.run(Thread.java:1583)
Caused by: org.gradle.api.BuildCancelledException: Build cancelled while executing task ':app:org.example.AppKt.main()'
	at org.gradle.internal.execution.steps.CancelExecutionStep.execute(CancelExecutionStep.java:47)
	at org.gradle.internal.execution.steps.TimeoutStep.executeWithoutTimeout(TimeoutStep.java:75)
	at org.gradle.internal.execution.steps.TimeoutStep.execute(TimeoutStep.java:55)
	at org.gradle.internal.execution.steps.PreCreateOutputParentsStep.execute(PreCreateOutputParentsStep.java:50)
	at org.gradle.internal.execution.steps.PreCreateOutputParentsStep.execute(PreCreateOutputParentsStep.java:28)
	at org.gradle.internal.execution.steps.RemovePreviousOutputsStep.execute(RemovePreviousOutputsStep.java:67)
	at org.gradle.internal.execution.steps.RemovePreviousOutputsStep.execute(RemovePreviousOutputsStep.java:37)
	at org.gradle.internal.execution.steps.BroadcastChangingOutputsStep.execute(BroadcastChangingOutputsStep.java:61)
	at org.gradle.internal.execution.steps.BroadcastChangingOutputsStep.execute(BroadcastChangingOutputsStep.java:26)
	at org.gradle.internal.execution.steps.CaptureOutputsAfterExecutionStep.execute(CaptureOutputsAfterExecutionStep.java:69)
	at org.gradle.internal.execution.steps.CaptureOutputsAfterExecutionStep.execute(CaptureOutputsAfterExecutionStep.java:46)
	at org.gradle.internal.execution.steps.ResolveInputChangesStep.execute(ResolveInputChangesStep.java:40)
	at org.gradle.internal.execution.steps.ResolveInputChangesStep.execute(ResolveInputChangesStep.java:29)
	at org.gradle.internal.execution.steps.BuildCacheStep.executeWithoutCache(BuildCacheStep.java:189)
	at org.gradle.internal.execution.steps.BuildCacheStep.lambda$execute$1(BuildCacheStep.java:75)
	at org.gradle.internal.Either$Right.fold(Either.java:175)
	at org.gradle.internal.execution.caching.CachingState.fold(CachingState.java:62)
	at org.gradle.internal.execution.steps.BuildCacheStep.execute(BuildCacheStep.java:73)
	at org.gradle.internal.execution.steps.BuildCacheStep.execute(BuildCacheStep.java:48)
	at org.gradle.internal.execution.steps.StoreExecutionStateStep.execute(StoreExecutionStateStep.java:46)
	at org.gradle.internal.execution.steps.StoreExecutionStateStep.execute(StoreExecutionStateStep.java:35)
	at org.gradle.internal.execution.steps.SkipUpToDateStep.executeBecause(SkipUpToDateStep.java:75)
	at org.gradle.internal.execution.steps.SkipUpToDateStep.lambda$execute$2(SkipUpToDateStep.java:53)
	at org.gradle.internal.execution.steps.SkipUpToDateStep.execute(SkipUpToDateStep.java:53)
	at org.gradle.internal.execution.steps.SkipUpToDateStep.execute(SkipUpToDateStep.java:35)
	at org.gradle.internal.execution.steps.legacy.MarkSnapshottingInputsFinishedStep.execute(MarkSnapshottingInputsFinishedStep.java:37)
	at org.gradle.internal.execution.steps.legacy.MarkSnapshottingInputsFinishedStep.execute(MarkSnapshottingInputsFinishedStep.java:27)
	at org.gradle.internal.execution.steps.ResolveIncrementalCachingStateStep.executeDelegate(ResolveIncrementalCachingStateStep.java:49)
	at org.gradle.internal.execution.steps.ResolveIncrementalCachingStateStep.executeDelegate(ResolveIncrementalCachingStateStep.java:27)
	at org.gradle.internal.execution.steps.AbstractResolveCachingStateStep.execute(AbstractResolveCachingStateStep.java:71)
	at org.gradle.internal.execution.steps.AbstractResolveCachingStateStep.execute(AbstractResolveCachingStateStep.java:39)
	at org.gradle.internal.execution.steps.ResolveChangesStep.execute(ResolveChangesStep.java:65)
	at org.gradle.internal.execution.steps.ResolveChangesStep.execute(ResolveChangesStep.java:36)
	at org.gradle.internal.execution.steps.ValidateStep.execute(ValidateStep.java:107)
	at org.gradle.internal.execution.steps.ValidateStep.execute(ValidateStep.java:56)
	at org.gradle.internal.execution.steps.AbstractCaptureStateBeforeExecutionStep.execute(AbstractCaptureStateBeforeExecutionStep.java:64)
	at org.gradle.internal.execution.steps.AbstractCaptureStateBeforeExecutionStep.execute(AbstractCaptureStateBeforeExecutionStep.java:43)
	at org.gradle.internal.execution.steps.AbstractSkipEmptyWorkStep.executeWithNonEmptySources(AbstractSkipEmptyWorkStep.java:125)
	at org.gradle.internal.execution.steps.AbstractSkipEmptyWorkStep.execute(AbstractSkipEmptyWorkStep.java:56)
	at org.gradle.internal.execution.steps.AbstractSkipEmptyWorkStep.execute(AbstractSkipEmptyWorkStep.java:36)
	at org.gradle.internal.execution.steps.legacy.MarkSnapshottingInputsStartedStep.execute(MarkSnapshottingInputsStartedStep.java:38)
	at org.gradle.internal.execution.steps.LoadPreviousExecutionStateStep.execute(LoadPreviousExecutionStateStep.java:36)
	at org.gradle.internal.execution.steps.LoadPreviousExecutionStateStep.execute(LoadPreviousExecutionStateStep.java:23)
	at org.gradle.internal.execution.steps.HandleStaleOutputsStep.execute(HandleStaleOutputsStep.java:75)
	at org.gradle.internal.execution.steps.HandleStaleOutputsStep.execute(HandleStaleOutputsStep.java:41)
	at org.gradle.internal.execution.steps.AssignMutableWorkspaceStep.lambda$execute$0(AssignMutableWorkspaceStep.java:35)
	at org.gradle.api.internal.tasks.execution.TaskExecution$4.withWorkspace(TaskExecution.java:289)
	at org.gradle.internal.execution.steps.AssignMutableWorkspaceStep.execute(AssignMutableWorkspaceStep.java:31)
	at org.gradle.internal.execution.steps.AssignMutableWorkspaceStep.execute(AssignMutableWorkspaceStep.java:22)
	at org.gradle.internal.execution.steps.ChoosePipelineStep.execute(ChoosePipelineStep.java:40)
	at org.gradle.internal.execution.steps.ChoosePipelineStep.execute(ChoosePipelineStep.java:23)
	at org.gradle.internal.execution.steps.ExecuteWorkBuildOperationFiringStep.lambda$execute$2(ExecuteWorkBuildOperationFiringStep.java:67)
	at org.gradle.internal.execution.steps.ExecuteWorkBuildOperationFiringStep.execute(ExecuteWorkBuildOperationFiringStep.java:67)
	at org.gradle.internal.execution.steps.ExecuteWorkBuildOperationFiringStep.execute(ExecuteWorkBuildOperationFiringStep.java:39)
	at org.gradle.internal.execution.steps.IdentityCacheStep.execute(IdentityCacheStep.java:46)
	at org.gradle.internal.execution.steps.IdentityCacheStep.execute(IdentityCacheStep.java:34)
	at org.gradle.internal.execution.steps.IdentifyStep.execute(IdentifyStep.java:48)
	at org.gradle.internal.execution.steps.IdentifyStep.execute(IdentifyStep.java:35)
	at org.gradle.internal.execution.impl.DefaultExecutionEngine$1.execute(DefaultExecutionEngine.java:61)
	at org.gradle.api.internal.tasks.execution.ExecuteActionsTaskExecuter.executeIfValid(ExecuteActionsTaskExecuter.java:127)
	at org.gradle.api.internal.tasks.execution.ExecuteActionsTaskExecuter.execute(ExecuteActionsTaskExecuter.java:116)
	at org.gradle.api.internal.tasks.execution.ProblemsTaskPathTrackingTaskExecuter.execute(ProblemsTaskPathTrackingTaskExecuter.java:40)
	at org.gradle.api.internal.tasks.execution.FinalizePropertiesTaskExecuter.execute(FinalizePropertiesTaskExecuter.java:46)
	at org.gradle.api.internal.tasks.execution.ResolveTaskExecutionModeExecuter.execute(ResolveTaskExecutionModeExecuter.java:51)
	at org.gradle.api.internal.tasks.execution.SkipTaskWithNoActionsExecuter.execute(SkipTaskWithNoActionsExecuter.java:57)
	at org.gradle.api.internal.tasks.execution.SkipOnlyIfTaskExecuter.execute(SkipOnlyIfTaskExecuter.java:74)
	at org.gradle.api.internal.tasks.execution.CatchExceptionTaskExecuter.execute(CatchExceptionTaskExecuter.java:36)
	at org.gradle.api.internal.tasks.execution.EventFiringTaskExecuter$1.executeTask(EventFiringTaskExecuter.java:77)
	at org.gradle.api.internal.tasks.execution.EventFiringTaskExecuter$1.call(EventFiringTaskExecuter.java:55)
	at org.gradle.api.internal.tasks.execution.EventFiringTaskExecuter$1.call(EventFiringTaskExecuter.java:52)
	at org.gradle.internal.operations.DefaultBuildOperationRunner$CallableBuildOperationWorker.execute(DefaultBuildOperationRunner.java:210)
	at org.gradle.internal.operations.DefaultBuildOperationRunner$CallableBuildOperationWorker.execute(DefaultBuildOperationRunner.java:205)
	at org.gradle.internal.operations.DefaultBuildOperationRunner$2.execute(DefaultBuildOperationRunner.java:67)
	at org.gradle.internal.operations.DefaultBuildOperationRunner$2.execute(DefaultBuildOperationRunner.java:60)
	at org.gradle.internal.operations.DefaultBuildOperationRunner.execute(DefaultBuildOperationRunner.java:167)
	at org.gradle.internal.operations.DefaultBuildOperationRunner.execute(DefaultBuildOperationRunner.java:60)
	at org.gradle.internal.operations.DefaultBuildOperationRunner.call(DefaultBuildOperationRunner.java:54)
	at org.gradle.api.internal.tasks.execution.EventFiringTaskExecuter.execute(EventFiringTaskExecuter.java:52)
	at org.gradle.execution.plan.LocalTaskNodeExecutor.execute(LocalTaskNodeExecutor.java:42)
	at org.gradle.execution.taskgraph.DefaultTaskExecutionGraph$InvokeNodeExecutorsAction.execute(DefaultTaskExecutionGraph.java:331)
	at org.gradle.execution.taskgraph.DefaultTaskExecutionGraph$InvokeNodeExecutorsAction.execute(DefaultTaskExecutionGraph.java:318)
	at org.gradle.execution.taskgraph.DefaultTaskExecutionGraph$BuildOperationAwareExecutionAction.lambda$execute$0(DefaultTaskExecutionGraph.java:314)
	at org.gradle.internal.operations.CurrentBuildOperationRef.with(CurrentBuildOperationRef.java:85)
	at org.gradle.execution.taskgraph.DefaultTaskExecutionGraph$BuildOperationAwareExecutionAction.execute(DefaultTaskExecutionGraph.java:314)
	at org.gradle.execution.taskgraph.DefaultTaskExecutionGraph$BuildOperationAwareExecutionAction.execute(DefaultTaskExecutionGraph.java:303)
	at org.gradle.execution.plan.DefaultPlanExecutor$ExecutorWorker.execute(DefaultPlanExecutor.java:459)
	at org.gradle.execution.plan.DefaultPlanExecutor$ExecutorWorker.run(DefaultPlanExecutor.java:376)
	at org.gradle.internal.concurrent.ExecutorPolicy$CatchAndRecordFailures.onExecute(ExecutorPolicy.java:64)
	at org.gradle.internal.concurrent.AbstractManagedExecutor$1.run(AbstractManagedExecutor.java:48)

Starting cer server. Pre-initialize spent 9 ms.
2025-10-31 08:02:10,296 [   2220]   WARN - #c.i.i.s.p.i.BundledSharedIndexProvider - Bundled shared index is not found at: /opt/idea-IC-252.26830.84/jdk-shared-indexes
2025-10-31 08:02:12,028 [   3952]   WARN - #c.i.o.f.i.EditorCompositeModelManager - Cannot use saved provider list (savedProviders={split-provider[text-editor;markdown-preview-editor]=[Element: <state/>]}, resolvedProvider=[])
JCEF_V(02:12:273): Found cef_server binary '/opt/idea-IC-252.26830.84/jbr/lib/cef_server' via System.getProperty('java.home')=/opt/idea-IC-252.26830.84/jbr
JCEF_V(02:12:275): Java is started via native launcher. Found cef_server path /opt/idea-IC-252.26830.84/jbr/lib/cef_server (via system propety)
2025-10-31 08:02:15,054 [   6978]   WARN - #c.i.s.c.i.StationSocketConnectionLoop - Discovery connection failed with NoSuchFileException (/run/user/1000/jb.station.sock)
2025-10-31 08:02:15,330 [   7254]   WARN - #c.i.u.j.JBCefAppArmorUtils - Unprivileged user namespaces check failed: unshare: error de escritura /proc/self/uid_map: Operación no permitida

JCEF_I(02:15:332): Found free tcp-port 6188 for server.
JCEF_I(02:15:333): Found free tcp-port 6189 for java-handlers.
JCEF_V(02:15:357): Created CefServer instance. Transport port=6188 (backward port=6189). Params:
[--disable-features=SpareRendererForSitePerProcess, --force-device-scale-factor=1.0, --disable-gpu-process-crash-limit, --disable-component-update, --autoplay-policy=no-user-gesture-required]| log_file=/home/etec/.cache/JetBrains/IdeaIC2025.2/log/jcef_4732.log, log_severity=LOGSEVERITY_DISABLE
2025-10-31 08:02:19,816 [  11740]   WARN - #c.i.s.c.i.StationSocketConnectionLoop - RecentProjects connection failed with NoSuchFileException (/run/user/1000/jb.station.sock)
2025-10-31 08:40:08,906 [    934]   WARN - #c.i.o.v.n.p.FSRecords - Records storage [/home/etec/.cache/JetBrains/IdeaIC2025.2/caches/records.dat] was in use by process [OwnershipInfo{owner pid: 4732, acquired at: 1761908529295}] which is not exist now (wasn't closed properly/crashed?) -> re-acquiring forcibly
2025-10-31 08:40:08,935 [    963]   WARN - #c.i.o.v.n.p.PersistentFSLoader - [VFS load problem]: VFS wasn't safely shut down: records.wasClosedProperly is false
2025-10-31 08:40:10,346 [   2374]   WARN - #c.i.o.v.n.p.PersistentFSLoader - [VFS load problem]: NOT_CLOSED_PROPERLY recovered, no problems remain
2025-10-31 08:40:10,444 [   2472]   WARN - #c.i.i.s.p.i.BundledSharedIndexProvider - Bundled shared index is not found at: /opt/idea-IC-252.26830.84/jdk-shared-indexes
2025-10-31 08:40:11,584 [   3612]   WARN - #c.i.o.f.i.EditorCompositeModelManager - Cannot use saved provider list (savedProviders={split-provider[text-editor;markdown-preview-editor]=[Element: <state/>]}, resolvedProvider=[])
JCEF_V(40:11:837): Found cef_server binary '/opt/idea-IC-252.26830.84/jbr/lib/cef_server' via System.getProperty('java.home')=/opt/idea-IC-252.26830.84/jbr
JCEF_V(40:11:839): Java is started via native launcher. Found cef_server path /opt/idea-IC-252.26830.84/jbr/lib/cef_server (via system propety)
2025-10-31 08:40:14,456 [   6484]   WARN - #c.i.s.c.i.StationSocketConnectionLoop - Discovery connection failed with NoSuchFileException (/run/user/1000/jb.station.sock)
2025-10-31 08:40:14,641 [   6669]   WARN - #c.i.u.j.JBCefAppArmorUtils - Unprivileged user namespaces check failed: unshare: error de escritura /proc/self/uid_map: Operación no permitida

JCEF_I(40:14:641): Found free tcp-port 6188 for server.
JCEF_I(40:14:641): Found free tcp-port 6189 for java-handlers.
JCEF_V(40:14:665): Created CefServer instance. Transport port=6188 (backward port=6189). Params:
[--disable-features=SpareRendererForSitePerProcess, --force-device-scale-factor=1.0, --disable-gpu-process-crash-limit, --disable-component-update, --autoplay-policy=no-user-gesture-required]| log_file=/home/etec/.cache/JetBrains/IdeaIC2025.2/log/jcef_4080.log, log_severity=LOGSEVERITY_DISABLE
2025-10-31 08:40:18,698 [  10726]   WARN - #c.i.s.c.i.StationSocketConnectionLoop - RecentProjects connection failed with NoSuchFileException (/run/user/1000/jb.station.sock)
